[2022-02-18 01:30:58] [CarinaListener.java] [1] [INFO] 
============= Test configuration =============
url=https://www.onliner.by
env=PROD
browser=chrome
selenium_url=http://localhost:4444/wd/hub
max_driver_count=3
proxy_protocols=http,https,ftp
browsermob_port=0
auto_screenshot=true
explicit_timeout=200
retry_interval=10
project_report_directory=./reports
max_screen_history=10
big_screen_width=-1
big_screen_height=-1
init_retry_count=0
init_retry_interval=1
retry_count=0
locale=en_US
thread_count=-1
data_provider_thread_count=-1
core_log_level=INFO
core_log_packages=com.qaprosoft.carina.core
log_all_json=true
date_format=HH:mm:ss yyyy-MM-dd
time_format=HH:mm:ss
test_naming_pattern={method_name}
element_loading_strategy=BY_PRESENCE_OR_VISIBILITY
page_opening_strategy=BY_URL_AND_ELEMENT
localization_encoding=utf-8
localization_testing=false
default_device_timezone=GMT
default_device_time_format=24
default_device_language=en_US
selenium_url=http://localhost:4444/wd/hub

------------- Driver capabilities -----------
================================================

[2022-02-18 01:30:58] [TestRunRegistrar.java] [1] [WARN] Reporting disabled: using no op test run registrar
[2022-02-18 01:30:59] [Reflections.java] [1] [INFO] Reflections took 316 ms to scan 7 urls, producing 1741 keys and 7958 values 
[2022-02-18 01:30:59] [FilterTestsListener.java] [1] [INFO] There are no any rules and limitations
[2022-02-18 01:30:59] [CarinaListener.java] [1] [INFO] Set thread-count=1
[2022-02-18 01:30:59] [CarinaListener.java] [1] [INFO] Set data-provider-thread-count=1
[2022-02-18 01:30:59] [CarinaListener.java] [1] [INFO] CARINA_CORE_VERSION: 7.2.14
[2022-02-18 01:30:59] [TestRunRegistrar.java] [1] [WARN] Reporting disabled: using no op test run registrar
[2022-02-18 01:30:59] [TestRunRegistrar.java] [1] [WARN] Reporting disabled: using no op test run registrar
[2022-02-18 01:30:59] [IMessager.java] [1] [INFO] TEST [carina-small-test - checkTopMenuNewsPromoTest] STARTED at [13:30:59 2022-02-18]
[2022-02-18 01:31:00] [CryptoTool.java] [1] [ERROR] Can't load secret key!
[2022-02-18 01:31:00] [CryptoTool.java] [1] [ERROR] Can't load secret key!
[2022-02-18 01:31:00] [CryptoTool.java] [1] [ERROR] Can't load secret key!
[2022-02-18 01:31:00] [CryptoTool.java] [1] [ERROR] Can't load secret key!
[2022-02-18 01:31:02] [CryptoTool.java] [1] [ERROR] Can't load secret key!
[2022-02-18 01:31:02] [CryptoTool.java] [1] [ERROR] Can't load secret key!
[2022-02-18 01:31:02] [CryptoTool.java] [1] [ERROR] Can't load secret key!
[2022-02-18 01:31:02] [CryptoTool.java] [1] [ERROR] Can't load secret key!
[2022-02-18 01:31:02] [CryptoTool.java] [1] [ERROR] Can't load secret key!
[2022-02-18 01:31:02] [CryptoTool.java] [1] [ERROR] Can't load secret key!
[2022-02-18 01:31:02] [CryptoTool.java] [1] [ERROR] Can't load secret key!
[2022-02-18 01:31:02] [CryptoTool.java] [1] [ERROR] Can't load secret key!
[2022-02-18 01:31:02] [CryptoTool.java] [1] [ERROR] Can't load secret key!
[2022-02-18 01:31:02] [CryptoTool.java] [1] [ERROR] Can't load secret key!
[2022-02-18 01:31:02] [CryptoTool.java] [1] [ERROR] Can't load secret key!
[2022-02-18 01:31:02] [CryptoTool.java] [1] [ERROR] Can't load secret key!
[2022-02-18 01:31:02] [CryptoTool.java] [1] [ERROR] Can't load secret key!
[2022-02-18 01:31:02] [CryptoTool.java] [1] [ERROR] Can't load secret key!
[2022-02-18 01:31:02] [CryptoTool.java] [1] [ERROR] Can't load secret key!
[2022-02-18 01:31:02] [CryptoTool.java] [1] [ERROR] Can't load secret key!
[2022-02-18 01:31:02] [CryptoTool.java] [1] [ERROR] Can't load secret key!
[2022-02-18 01:31:02] [CryptoTool.java] [1] [ERROR] Can't load secret key!
[2022-02-18 01:31:02] [CryptoTool.java] [1] [ERROR] Can't load secret key!
[2022-02-18 01:31:02] [CryptoTool.java] [1] [ERROR] Can't load secret key!
[2022-02-18 01:31:02] [CryptoTool.java] [1] [ERROR] Can't load secret key!
[2022-02-18 01:31:03] [CryptoTool.java] [1] [ERROR] Can't load secret key!
[2022-02-18 01:31:03] [CryptoTool.java] [1] [ERROR] Can't load secret key!
[2022-02-18 01:31:03] [IMessager.java] [1] [ERROR] TEST [carina-small-test - checkTopMenuNewsPromoTest] FAILED at [13:31:03 2022-02-18] - Unable to find elements by Selenium
For documentation on this error, please visit: https://www.seleniumhq.org/exceptions/no_such_element.html
Build info: version: '3.141.59', revision: 'e82be7d358', time: '2018-11-14T08:17:03'
System info: host: 'Artems-MacBook-Pro.local', ip: 'fe80:0:0:0:18b8:6db1:7c63:5002%en0', os.name: 'Mac OS X', os.arch: 'aarch64', os.version: '12.2', java.version: '17.0.2'
Driver info: driver.version: unknown

com.qaprosoft.carina.core.foundation.webdriver.locator.ExtendedElementLocator.findElements(ExtendedElementLocator.java:149)
com.qaprosoft.carina.core.foundation.webdriver.locator.internal.AbstractUIObjectListHandler.invoke(AbstractUIObjectListHandler.java:82)
jdk.proxy2/jdk.proxy2.$Proxy30.forEach(Unknown Source)
com.solvd.carinasmalltest.OnlinerTest.checkTopMenuNewsPromoTest(OnlinerTest.java:31)
java.base/jdk.internal.reflect.NativeMethodAccessorImpl.invoke0(Native Method)
java.base/jdk.internal.reflect.NativeMethodAccessorImpl.invoke(NativeMethodAccessorImpl.java:77)
java.base/jdk.internal.reflect.DelegatingMethodAccessorImpl.invoke(DelegatingMethodAccessorImpl.java:43)
java.base/java.lang.reflect.Method.invoke(Method.java:568)
org.testng.internal.MethodInvocationHelper.invokeMethod(MethodInvocationHelper.java:133)
org.testng.internal.TestInvoker.invokeMethod(TestInvoker.java:598)
org.testng.internal.TestInvoker.invokeTestMethod(TestInvoker.java:173)
org.testng.internal.MethodRunner.runInSequence(MethodRunner.java:46)
org.testng.internal.TestInvoker$MethodInvocationAgent.invoke(TestInvoker.java:824)
org.testng.internal.TestInvoker.invokeTestMethods(TestInvoker.java:146)
org.testng.internal.TestMethodWorker.invokeTestMethods(TestMethodWorker.java:146)
org.testng.internal.TestMethodWorker.run(TestMethodWorker.java:128)
java.base/java.util.ArrayList.forEach(ArrayList.java:1511)
org.testng.TestRunner.privateRun(TestRunner.java:794)
org.testng.TestRunner.run(TestRunner.java:596)
org.testng.SuiteRunner.runTest(SuiteRunner.java:377)
org.testng.SuiteRunner.runSequentially(SuiteRunner.java:371)
org.testng.SuiteRunner.privateRun(SuiteRunner.java:332)
org.testng.SuiteRunner.run(SuiteRunner.java:276)
org.testng.SuiteRunnerWorker.runSuite(SuiteRunnerWorker.java:53)
org.testng.SuiteRunnerWorker.run(SuiteRunnerWorker.java:96)
org.testng.TestNG.runSuitesSequentially(TestNG.java:1212)
org.testng.TestNG.runSuitesLocally(TestNG.java:1134)
org.testng.TestNG.runSuites(TestNG.java:1063)
org.testng.TestNG.run(TestNG.java:1031)
com.intellij.rt.testng.IDEARemoteTestNG.run(IDEARemoteTestNG.java:66)
com.intellij.rt.testng.RemoteTestNGStarter.main(RemoteTestNGStarter.java:109)
